<?xml version="1.0" encoding="UTF-8"?>
<!-- Generated by org.testng.reporters.JUnitReportReporter -->
<testsuite hostname="fitboy" failures="0" tests="1" name="com.mine.seleniumjava.heroku.FormAuthenticationTest" time="0.868" errors="0" timestamp="2024-11-27T12:50:14 EST" skipped="0">
  <testcase classname="com.mine.seleniumjava.heroku.FormAuthenticationTest" name="formAuthenticationTest" time="0.868"/>
</testsuite> <!-- com.mine.seleniumjava.heroku.FormAuthenticationTest -->
