<?xml version="1.0" encoding="UTF-8"?>
<!-- Generated by org.testng.reporters.JUnitReportReporter -->
<testsuite hostname="fitboy" failures="0" tests="4" name="com.mine.seleniumjava.heroku.HerokuMainPageTest" time="0.659" errors="0" timestamp="2024-11-27T12:50:14 EST" skipped="0">
  <testcase classname="com.mine.seleniumjava.heroku.HerokuMainPageTest" name="integerCheckTest" time="0.002"/>
  <testcase classname="com.mine.seleniumjava.heroku.HerokuMainPageTest" name="checkboxesTest" time="0.251"/>
  <testcase classname="com.mine.seleniumjava.heroku.HerokuMainPageTest" name="titleTest" time="0.114"/>
  <testcase classname="com.mine.seleniumjava.heroku.HerokuMainPageTest" name="abTest" time="0.292"/>
</testsuite> <!-- com.mine.seleniumjava.heroku.HerokuMainPageTest -->
