<?xml version="1.0" encoding="UTF-8"?>
<!-- Generated by org.testng.reporters.JUnitReportReporter -->
<testsuite hostname="fitboy" failures="0" tests="3" name="com.mine.seleniumjava.heroku.HerokuMainPageTest" time="0.545" errors="0" timestamp="2024-10-07T16:14:16 EDT" skipped="0">
  <testcase classname="com.mine.seleniumjava.heroku.HerokuMainPageTest" name="checkboxesTest" time="0.209"/>
  <testcase classname="com.mine.seleniumjava.heroku.HerokuMainPageTest" name="titleTest" time="0.088"/>
  <testcase classname="com.mine.seleniumjava.heroku.HerokuMainPageTest" name="abTest" time="0.248"/>
</testsuite> <!-- com.mine.seleniumjava.heroku.HerokuMainPageTest -->
