<?xml version="1.0" encoding="UTF-8"?>
<!-- Generated by org.testng.reporters.JUnitReportReporter -->
<testsuite hostname="fitboy" failures="0" tests="3" name="com.mine.seleniumjava.heroku.HerokuMainPageTest" time="0.735" errors="0" timestamp="2024-10-07T14:20:57 EDT" skipped="0">
  <testcase classname="com.mine.seleniumjava.heroku.HerokuMainPageTest" name="checkboxesTest" time="0.431"/>
  <testcase classname="com.mine.seleniumjava.heroku.HerokuMainPageTest" name="titleTest" time="0.076"/>
  <testcase classname="com.mine.seleniumjava.heroku.HerokuMainPageTest" name="abTest" time="0.228"/>
</testsuite> <!-- com.mine.seleniumjava.heroku.HerokuMainPageTest -->
