<?xml version="1.0" encoding="UTF-8"?>
<!-- Generated by org.testng.reporters.JUnitReportReporter -->
<testsuite hostname="fitboy" failures="0" tests="1" name="com.mine.seleniumjava.heroku.FormAuthenticationTest" time="0.823" errors="0" timestamp="2024-10-07T16:14:16 EDT" skipped="0">
  <testcase classname="com.mine.seleniumjava.heroku.FormAuthenticationTest" name="formAuthenticationTest" time="0.823"/>
</testsuite> <!-- com.mine.seleniumjava.heroku.FormAuthenticationTest -->
